Performing system checks...

System check identified no issues (0 silenced).
January 03, 2023 - 13:15:02
Django version 4.1.5, using settings 'todoApp.settings'
Starting development server at http://0.0.0.0:8000/
Quit the server with CONTROL-C.
[03/Jan/2023 13:15:17] "GET /todos/ HTTP/1.1" 200 4130
[03/Jan/2023 13:15:17] "GET /static/css/style.css HTTP/1.1" 404 179
Performing system checks...

System check identified no issues (0 silenced).
January 03, 2023 - 13:15:56
Django version 4.1.5, using settings 'todoApp.settings'
Starting development server at http://0.0.0.0:8000/
Quit the server with CONTROL-C.
[03/Jan/2023 13:16:07] "GET /todos/ HTTP/1.1" 200 4130
[03/Jan/2023 13:16:07] "GET /static/css/style.css HTTP/1.1" 404 179
[03/Jan/2023 13:16:08] "GET /favicon.ico HTTP/1.1" 404 179
[03/Jan/2023 13:17:15] "GET /todos/ HTTP/1.1" 200 4130
[03/Jan/2023 13:17:15] "GET /todos/ HTTP/1.1" 200 4130
[03/Jan/2023 13:17:16] "GET /todos/ HTTP/1.1" 200 4130
[03/Jan/2023 13:17:16] "GET /static/css/style.css HTTP/1.1" 404 179
[03/Jan/2023 13:19:21] "GET / HTTP/1.1" 302 0
[03/Jan/2023 13:19:21] "GET /todos HTTP/1.1" 301 0
[03/Jan/2023 13:19:21] "GET /todos/ HTTP/1.1" 200 4130
[03/Jan/2023 13:19:39] "GET /todos/ HTTP/1.1" 200 4130
[03/Jan/2023 13:19:40] "GET /static/css/style.css HTTP/1.1" 404 179
[03/Jan/2023 13:19:40] "GET /todos/ HTTP/1.1" 200 4130
[03/Jan/2023 13:19:40] "GET /todos/ HTTP/1.1" 200 4130
[03/Jan/2023 13:19:40] "GET /static/css/style.css HTTP/1.1" 404 179
[03/Jan/2023 13:19:46] "POST /todos/add/ HTTP/1.1" 302 0
[03/Jan/2023 13:19:46] "GET /todos/ HTTP/1.1" 200 4703
[03/Jan/2023 13:19:46] "GET /static/css/style.css HTTP/1.1" 404 179
